     1                                  ; Gabe Imlay
     2                                  ; CSC322 <11/11/22>
     3                                  ; Project 7: The Autumn Season Cypher
     4                                  ; This project will decode a matrix of encoded numbers correlating to an 
     5                                  ; ASCII character and the number for each color of the character in each column. 
     6                                  ; This will create some ASCII art for the season of autumn. 
     7                                  
     8                                  SECTION .data
     9 00000000 5737583859395A3A5B-     season:		db 87,55,88,56,89,57,90,58,91,59,92,60,93,61,94,62,95,63,96,64,97,65,98,66,99,67,100,68,101,69,102,70,103,71,104,72,105,73,106,74,107,75,108,76,109,77,110,78,111,79,112,80,113,81,114,82,115,83,116,84,117,85
    10 00000009 3B5C3C5D3D5E3E5F3F-
    11 00000012 604061416242634364-
    12 0000001B 446545664667476848-
    13 00000024 69496A4A6B4B6C4C6D-
    14 0000002D 4D6E4E6F4F70507151-
    15 00000036 725273537454755576-
    16 0000003F 567757785879597A5A-
    17 00000048 7B5B7C5C7D5D7E5E7F-
    18 00000051 5F8060816182628363-
    19 0000005A 846485658666876788-
    20 00000063 6889698A6A8B6B8C6C-
    21 0000006C 8D6D8E6E8F6F907091-
    22 00000075 719272937394749575-
    23 0000007E 96769777987899799A-
    24 00000087 7A9B7B9C7C9D7D9579-
    25 00000090 967AA080A181A282A3-
    26 00000099 83A484A585A686     
    27 000000A0 5737583859395A3A5B-     		db 87,55,88,56,89,57,90,58,91,59,92,60,93,61,94,62,95,63,96,64,97,65,98,66,99,67,100,68,101,69,102,70,103,71,104,72,105,73,106,74,107,75,108,76,109,77,110,78,111,79,112,80,113,81,114,82,115,83,116,84,117,85,118,86
    28 000000A9 3B5C3C5D3D5E3E5F3F-
    29 000000B2 604061416242634364-
    30 000000BB 446545664667476848-
    31 000000C4 69496A4A6B4B6C4C6D-
    32 000000CD 4D6E4E6F4F70507151-
    33 000000D6 725273537454755576-
    34 000000DF 567757785879597A5A-
    35 000000E8 7B5B7C5C7D5D7E5E7F-
    36 000000F1 5F8060816182628363-
    37 000000FA 846485658666876788-
    38 00000103 6889698A6A8B6B8C6C-
    39 0000010C 8D6D8E6E8F6F907091-
    40 00000115 719272937394749575-
    41 0000011E 96769777987899799A-
    42 00000127 7A9B7B9377B178B379-
    43 00000130 AB7AB87B997C997DA3-
    44 00000139 83A484A585A686     
    45 00000140 5737583859395A3A5B-     		db 87,55,88,56,89,57,90,58,91,59,92,60,93,61,94,62,95,63,96,64,97,65,98,66,99,67,100,68,101,69,102,70,103,71,104,72,105,73,106,74,107,75,108,76,109,77,110,78,111,79,112,80,113,81,114,82,115,83,116,84,117,85,118,86
    46 00000149 3B5C3C5D3D5E3E5F3F-
    47 00000152 604061416242634364-
    48 0000015B 446545664667476848-
    49 00000164 69496A4A6B4B6C4C6D-
    50 0000016D 4D6E4E6F4F70507151-
    51 00000176 725273537454755576-
    52 0000017F 567757785879597A5A-
    53 00000188 7B5B7C5C7D5D7E5E7F-
    54 00000191 5F8060816182628363-
    55 0000019A 846485658666876788-
    56 000001A3 6889698A6A8B6B8C6C-
    57 000001AC 8D6D8E6E8F6F907091-
    58 000001B5 719272937394749575-
    59 000001BE 96769777987899799A-
    60 000001C7 7A9B7B9C7C9E787779-
    61 000001D0 AC7A847B767CAF7D9A-
    62 000001D9 7EA484A585A686     
    63 000001E0 5737583859395A3A5B-     		db 87,55,88,56,89,57,90,58,91,59,92,60,93,61,94,62,95,63,96,64,97,65,98,66,99,67,100,68,101,69,102,70,103,71,104,72,105,73,106,74,107,75,108,76,109,77,110,78,111,79,112,80,113,81,114,82,115,83,116,84,117,85,118,86
    64 000001E9 3B5C3C5D3D5E3E5F3F-
    65 000001F2 604061416242634364-
    66 000001FB 446545664667476848-
    67 00000204 69496A4A6B4B6C4C6D-
    68 0000020D 4D6E4E6F4F70507151-
    69 00000216 725273537454755576-
    70 0000021F 567757785879597A5A-
    71 00000228 7B5B7C5C7D5D7E5E7F-
    72 00000231 5F8060816182628363-
    73 0000023A 846485658666876788-
    74 00000243 6889698A6A8B6B8C6C-
    75 0000024C 8D6D8E6E8F6F907091-
    76 00000255 719272937394749575-
    77 0000025E 96769777987899799A-
    78 00000267 7A9B7B9C7C9D7D9E7E-
    79 00000270 967AB47B847C777DB7-
    80 00000279 7EA484A585A686     
    81 00000280 5737593251335B345B-     		db 87,55,89,50,81,51,91,52,91,59,92,60,93,61,94,62,95,63,96,64,97,65,98,66,99,67,100,68,101,69,102,70,103,71,104,72,105,73,106,74,107,75,108,76,109,77,110,78,111,79,112,80,113,81,114,82,115,83,116,84,117,85,118,86
    82 00000289 3B5C3C5D3D5E3E5F3F-
    83 00000292 604061416242634364-
    84 0000029B 446545664667476848-
    85 000002A4 69496A4A6B4B6C4C6D-
    86 000002AD 4D6E4E6F4F70507151-
    87 000002B6 725273537454755576-
    88 000002BF 567757785879597A5A-
    89 000002C8 7B5B7C5C7D5D7E5E7F-
    90 000002D1 5F8060816182628363-
    91 000002DA 846485658666876788-
    92 000002E3 6889698A6A8B6B8C6C-
    93 000002EC 8D6D8E6E8F6F907091-
    94 000002F5 719272937394749575-
    95 000002FE 96769777987899799A-
    96 00000307 7A9B7B9C7C9D7D9E7E-
    97 00000310 9F7F947BB67C777DC4-
    98 00000319 7EA484A585A686     
    99 00000320 57376C323D337B345B-     		db 87,55,108,50,61,51,123,52,91,59,92,60,93,61,94,62,95,63,96,64,97,65,98,66,99,67,100,68,101,69,102,70,103,71,104,72,105,73,106,74,107,75,108,76,109,77,110,78,111,79,112,80,113,81,114,82,115,83,116,84,117,85,118,
   100 00000329 3B5C3C5D3D5E3E5F3F-
   101 00000332 604061416242634364-
   102 0000033B 446545664667476848-
   103 00000344 69496A4A6B4B6C4C6D-
   104 0000034D 4D6E4E6F4F70507151-
   105 00000356 725273537454755576-
   106 0000035F 567757785879597A5A-
   107 00000368 7B5B7C5C7D5D7E5E7F-
   108 00000371 5F8060816182628363-
   109 0000037A 846485658666876788-
   110 00000383 6889698A6A8B6B8C6C-
   111 0000038C 8D6D8E6E8F6F907091-
   112 00000395 719272937394749575-
   113 0000039E 96769777987899799A-
   114 000003A7 7A9B7B9C7C9D7D9E7E-
   115 000003B0 9F7F797B847C857D7C-
   116 000003B9 7EA484A585A686     
   117 000003C0 4E3165322E33673452-     		db 78,49,101,50,46,51,103,52,82,53,92,60,93,61,94,62,95,63,96,64,97,65,98,66,99,67,100,68,101,69,102,70,103,71,104,72,105,73,106,74,107,75,108,76,109,77,110,78,111,79,112,80,113,81,114,82,115,83,116,84,117,85,118,
   118 000003C9 355C3C5D3D5E3E5F3F-
   119 000003D2 604061416242634364-
   120 000003DB 446545664667476848-
   121 000003E4 69496A4A6B4B6C4C6D-
   122 000003ED 4D6E4E6F4F70507151-
   123 000003F6 725273537454755576-
   124 000003FF 567757785879597A5A-
   125 00000408 7B5B7C5C7D5D7E5E7F-
   126 00000411 5F8060816182628363-
   127 0000041A 846485658666876788-
   128 00000423 6889698A6A8B6B8C6C-
   129 0000042C 8D6D8E6E8F6F907091-
   130 00000435 719272937394749575-
   131 0000043E 96769777987899799A-
   132 00000447 7A9B7B9C7C9D7D9579-
   133 00000450 787AB57B847CB67DA3-
   134 00000459 83A484A585A686     
   135 00000460 4E3165322E336F344F-     		db 78,49,101,50,46,51,111,52,79,53,92,60,93,61,94,62,95,63,96,64,97,65,98,66,99,67,100,68,101,69,102,70,103,71,104,72,105,73,106,74,107,75,108,76,109,77,110,78,111,79,112,80,113,81,114,82,115,83,116,84,117,85,118,
   136 00000469 355C3C5D3D5E3E5F3F-
   137 00000472 604061416242634364-
   138 0000047B 446545664667476848-
   139 00000484 69496A4A6B4B6C4C6D-
   140 0000048D 4D6E4E6F4F70507151-
   141 00000496 725273537454755576-
   142 0000049F 567757785879597A5A-
   143 000004A8 7B5B7C5C7D5D7E5E7F-
   144 000004B1 5F8060816182628363-
   145 000004BA 846485658666876788-
   146 000004C3 6889698A6A8B6B8C6C-
   147 000004CC 8D6D8E6E8F6F907091-
   148 000004D5 719272937394749575-
   149 000004DE 96769777987899799A-
   150 000004E7 7A9B7B9C7C9178AB79-
   151 000004F0 827AB57B7A7CA282A3-
   152 000004F9 83A484A585A686     
   153 00000500 583170323D333D3453-     		db 88,49,112,50,61,51,61,52,83,53,92,60,93,61,94,62,95,63,96,64,97,65,98,66,99,67,100,68,101,69,102,70,103,71,104,72,105,73,106,74,107,75,108,76,109,77,110,78,111,79,112,80,113,81,114,82,115,83,116,84,117,85,118,8
   154 00000509 355C3C5D3D5E3E5F3F-
   155 00000512 604061416242634364-
   156 0000051B 446545664667476848-
   157 00000524 69496A4A6B4B6C4C6D-
   158 0000052D 4D6E4E6F4F70507151-
   159 00000536 725273537454755576-
   160 0000053F 567757785879597A5A-
   161 00000548 7B5B7C5C7D5D7E5E7F-
   162 00000551 5F8060816182628363-
   163 0000055A 846485658666876788-
   164 00000563 6889698A6A8B6B8C6C-
   165 0000056C 8D6D8E6E8F6F907091-
   166 00000575 719272937394749575-
   167 0000057E 967697779878997991-
   168 00000587 757476A977A978B379-
   169 00000590 977A977BA181A282A3-
   170 00000599 83A484A585A686     
   171 000005A0 4E3165323D333E3468-     		db 78,49,101,50,61,51,62,52,104,53,83,54,93,61,94,62,95,63,96,64,97,65,98,66,99,67,100,68,101,69,102,70,103,71,104,72,105,73,106,74,107,75,108,76,109,77,110,78,111,79,112,80,113,81,114,82,115,83,116,84,117,85,118,
   172 000005A9 3553365D3D5E3E5F3F-
   173 000005B2 604061416242634364-
   174 000005BB 446545664667476848-
   175 000005C4 69496A4A6B4B6C4C6D-
   176 000005CD 4D6E4E6F4F70507151-
   177 000005D6 725273537454755576-
   178 000005DF 567757785879597A5A-
   179 000005E8 7B5B7C5C7D5D7E5E7F-
   180 000005F1 5F8060816182628363-
   181 000005FA 846485658666876788-
   182 00000603 6889698A6A8B6B8C6C-
   183 0000060C 8D6D8E6E8F6F907091-
   184 00000615 719272937394749575-
   185 0000061E 96768E727173BA74A6-
   186 00000627 757E76B47795789579-
   187 00000630 9F7FA080A181A282A3-
   188 00000639 83A484A585A686     
   189 00000640 573779323D333E343E-     		db 87,55,121,50,61,51,62,52,62,53,53,54,93,61,94,62,95,63,96,64,97,65,98,66,99,67,100,68,101,69,102,70,103,71,104,72,105,73,106,74,107,75,108,76,109,77,110,78,111,79,112,80,113,81,114,82,115,83,116,84,117,85,118,8
   190 00000649 3535365D3D5E3E5F3F-
   191 00000652 604061416242634364-
   192 0000065B 446545664667476848-
   193 00000664 69496A4A6B4B6C4C6D-
   194 0000066D 4D6E4E6F4F70507151-
   195 00000676 725273537454755576-
   196 0000067F 567757785879597A5A-
   197 00000688 7B5B7C5C7D5D7E5E7F-
   198 00000691 5F8060816182628363-
   199 0000069A 846485658666876789-
   200 000006A3 628163AB6483658066-
   201 000006AC 6667A2689C699D6AA5-
   202 000006B5 6B6B6C876D6D6EA970-
   203 000006BE A371A3727B73AE74BB-
   204 000006C7 758F769C7C9D7D9E7E-
   205 000006D0 9F7FA080A181A282A3-
   206 000006D9 83A484A585A686     
   207 000006E0 573750323C333E343F-     		db 87,55,80,50,60,51,62,52,63,53,113,54,94,55,94,62,95,63,96,64,97,65,98,66,99,67,100,68,101,69,102,70,103,71,104,72,105,73,106,74,107,75,108,76,109,77,110,78,111,79,112,80,113,81,114,82,115,83,116,84,117,85,118,8
   208 000006E9 3571365E375E3E5F3F-
   209 000006F2 604061416242634364-
   210 000006FB 446545664667476848-
   211 00000704 69496A4A6B4B6C4C6D-
   212 0000070D 4D6E4E6F4F70507151-
   213 00000716 725273537454755576-
   214 0000071F 567757785879597A5A-
   215 00000728 7B5B7C5C7D5D7E5E7F-
   216 00000731 5F8060816182628363-
   217 0000073A 84647C5F5F6094616B-
   218 00000743 62956397649F659966-
   219 0000074C 996772687269736A74-
   220 00000755 6B756C766D786E786F-
   221 0000075E AB70B8718C7290739A-
   222 00000767 7A9B7B9C7C9D7D9E7E-
   223 00000770 9F7FA080A181A282A3-
   224 00000779 83A484A585A686     
   225 00000780 57374F3271333E343F-     		db 87,55,79,50,113,51,62,52,63,53,64,54,117,55,95,56,95,63,96,64,97,65,98,66,99,67,100,68,101,69,102,70,103,71,104,72,105,73,106,74,107,75,108,76,109,77,110,78,111,79,112,80,113,81,114,82,115,83,116,84,117,85,118,
   226 00000789 35403675375F385F3F-
   227 00000792 604061416242634364-
   228 0000079B 446545664667476848-
   229 000007A4 69496A4A6B4B6C4C6D-
   230 000007AD 4D6E4E6F4F70507151-
   231 000007B6 725273537454755576-
   232 000007BF 567757785879597A5A-
   233 000007C8 7B5B7C5C7D5D7E5E7F-
   234 000007D1 5F8060816182627A5D-
   235 000007DA 7C5E9A5F6A606B619D-
   236 000007E3 629663A26497656F66-
   237 000007EC 706771687369656A61-
   238 000007F5 6B696C6A6D786E8D6F-
   239 000007FE 96769777987899799A-
   240 00000807 7A9B7B9C7C9D7D9E7E-
   241 00000810 9F7FA080A181A282A3-
   242 00000819 83A484A585A686     
   243 00000820 573758383233663430-     		db 87,55,88,56,50,51,102,52,48,53,63,54,65,55,115,56,56,57,96,64,97,65,98,66,99,67,100,68,101,69,102,70,103,71,104,72,105,73,106,74,107,75,108,76,109,77,110,78,111,79,112,80,113,81,114,82,115,83,116,84,117,85,118,
   244 00000829 353F36413773383839-
   245 00000832 604061416242634364-
   246 0000083B 446545664667476848-
   247 00000844 69496A4A6B4B6C4C6D-
   248 0000084D 4D6E4E6F4F70507151-
   249 00000856 725273537454755576-
   250 0000085F 567757785879597A5A-
   251 00000868 7B5B7C5C7D5D7E5E7F-
   252 00000871 5F8060825B965C8F5D-
   253 0000087A 595E555F6A60936194-
   254 00000883 626C636D646E656F66-
   255 0000088C 706771687269656A61-
   256 00000895 6B696C6A6D646EB66F-
   257 0000089E 96769777987899799A-
   258 000008A7 7A9B7B9C7C9D7D9E7E-
   259 000008B0 9F7FA080A181A282A3-
   260 000008B9 83A484A585A686     
   261 000008C0 57375838593952343E-     		db 87,55,88,56,89,57,82,52,62,53,49,54,64,55,66,56,66,57,129,58,98,59,98,66,99,67,100,68,101,69,102,70,103,71,104,72,105,73,106,74,107,75,108,76,109,77,110,78,111,79,112,80,113,81,114,82,115,83,116,84,117,85,118,8
   262 000008C9 353136403742384239-
   263 000008D2 813A623B6242634364-
   264 000008DB 446545664667476848-
   265 000008E4 69496A4A6B4B6C4C6D-
   266 000008ED 4D6E4E6F4F70507151-
   267 000008F6 725273537454755576-
   268 000008FF 567757785879597A5A-
   269 00000908 7B5B7C5C7D5D725877-
   270 00000911 598D5A645B525C535D-
   271 0000091A 685E685F69606A616B-
   272 00000923 626C636D646E656F66-
   273 0000092C 706772686469606A61-
   274 00000935 6B626C636DA06E6E6F-
   275 0000093E 96769777987899799A-
   276 00000947 7A9B7B9C7C9D7D9E7E-
   277 00000950 9F7FA080A181A282A3-
   278 00000959 83A484A585A686     
   279 00000960 5737583859395A3A53-     		db 87,55,88,56,89,57,90,58,83,53,63,54,50,55,65,56,66,57,68,58,109,59,131,60,87,61,100,68,101,69,102,70,103,71,104,72,105,73,106,74,107,75,108,76,109,77,110,78,111,79,112,80,113,81,114,82,115,83,116,84,117,85,118,
   280 00000969 353F36323741384239-
   281 00000972 443A6D3B833C573D64-
   282 0000097B 446545664667476848-
   283 00000984 69496A4A6B4B6C4C6D-
   284 0000098D 4D6E4E6F4F70507151-
   285 00000996 725273537454755576-
   286 0000099F 567757785879597A5A-
   287 000009A8 7C557456955762584F-
   288 000009B1 59505A565B665C665D-
   289 000009BA 675E685F69606A616B-
   290 000009C3 626C636D646E657066-
   291 000009CC 62675E685F69606A61-
   292 000009D5 6B626C766D6D6E9575-
   293 000009DE 96769777987899799A-
   294 000009E7 7A9B7B9C7C9D7D9E7E-
   295 000009F0 9F7FA080A181A282A3-
   296 000009F9 83A484A585A686     
   297 00000A00 5737583859395A3A5B-     		db 87,55,88,56,89,57,90,58,91,59,53,54,105,55,51,56,67,57,67,58,68,59,70,60,70,61,124,62,121,63,90,64,94,65,104,72,105,73,106,74,107,75,108,76,109,77,110,78,111,79,112,80,113,81,114,82,115,83,116,84,117,85,118,86,
   298 00000A09 3B3536693733384339-
   299 00000A12 433A443B463C463D7C-
   300 00000A1B 3E793F5A405E416848-
   301 00000A24 69496A4A6B4B6C4C6D-
   302 00000A2D 4D6E4E6F4F70507151-
   303 00000A36 725273537454755576-
   304 00000A3F 567757795271538754-
   305 00000A48 5E5551564D57535863-
   306 00000A51 59645A645B655C665D-
   307 00000A5A 675E685F69606A616B-
   308 00000A63 626D635F645B655C66-
   309 00000A6C 5D675E685F69606A61-
   310 00000A75 6B766CB46D8B6E9575-
   311 00000A7E 96769777987899799A-
   312 00000A87 7A9B7B9C7C9D7D9E7E-
   313 00000A90 9F7FA080A181A282A3-
   314 00000A99 83A484A585A686     
   315 00000AA0 5737583859395A3A5B-     		db 87,55,88,56,89,57,90,58,91,59,92,60,94,55,127,56,66,57,53,58,69,59,69,60,70,61,72,62,73,63,73,64,124,65,117,66,138,67,98,68,68,69,109,70,110,71,101,72,102,73,103,74,104,75,105,76,116,77,104,78,109,79,151,80,140
   316 00000AA9 3B5C3C5E377F384239-
   317 00000AB2 353A453B453C463D48-
   318 00000ABB 3E493F49407C417542-
   319 00000AC4 8A43624444456D466E-
   320 00000ACD 4765486649674A684B-
   321 00000AD6 694C744D684E6D4F97-
   322 00000ADF 508C515B524E534F54-
   323 00000AE8 5F5560566057615862-
   324 00000AF1 59635A645B655C665D-
   325 00000AFA 675E685F6A605C615D-
   326 00000B03 6259635A645B655C66-
   327 00000B0C 5D675E6864699C6AB2-
   328 00000B15 6B866C937394749575-
   329 00000B1E 96769777987899799A-
   330 00000B27 7A9B7B9C7C9D7D9E7E-
   331 00000B30 9F7FA080A181A282A3-
   332 00000B39 83A484A585A686     
   333 00000B40 5737583859395A3A5B-     		db 87,55,88,56,89,57,90,58,91,59,92,60,93,61,94,62,83,57,109,58,68,59,55,60,56,61,72,62,72,63,73,64,74,65,76,66,77,67,78,68,78,69,79,70,80,71,122,72,123,73,124,74,125,75,85,76,86,77,87,78,89,79,75,80,91,81,92,82,9
   334 00000B49 3B5C3C5D3D5E3E5339-
   335 00000B52 6D3A443B373C383D48-
   336 00000B5B 3E483F49404A414C42-
   337 00000B64 4D434E444E454F4650-
   338 00000B6D 477A487B497C4A7D4B-
   339 00000B76 554C564D574E594F4B-
   340 00000B7F 505B515C525C535D54-
   341 00000B88 5E555F566057615862-
   342 00000B91 59635A645B655C675D-
   343 00000B9A 595E5A5F5660576158-
   344 00000BA3 6259635A645B655C66-
   345 00000BAC 7167A6688769916A91-
   346 00000BB5 719272937394749575-
   347 00000BBE 96769777987899799A-
   348 00000BC7 7A9B7B9C7C9D7D9E7E-
   349 00000BD0 9F7FA080A181A282A3-
   350 00000BD9 83A484A585A686     
   351 00000BE0 5737583859395A3A5B-     		db 87,55,88,56,89,57,90,58,91,59,92,60,93,61,94,62,95,63,96,64,98,59,118,60,120,61,72,62,53,63,59,64,75,65,76,66,76,67,77,68,119,69,129,70,130,71,131,72,135,73,136,74,126,75,147,76,148,77,136,78,150,79,139,80,90,8
   352 00000BE9 3B5C3C5D3D5E3E5F3F-
   353 00000BF2 6040623B763C783D48-
   354 00000BFB 3E353F3B404B414C42-
   355 00000C04 4C434D447745814682-
   356 00000C0D 4783488749884A7E4B-
   357 00000C16 934C944D884E964F8B-
   358 00000C1F 505A515B525C535D54-
   359 00000C28 5E555F566057625863-
   360 00000C31 59645A565B525C535D-
   361 00000C3A 545E555F5660576158-
   362 00000C43 6259636D64A365A066-
   363 00000C4C 8E678E6E8F6F907091-
   364 00000C55 719272937394749575-
   365 00000C5E 96769777987899799A-
   366 00000C67 7A9B7B9C7C9D7D9E7E-
   367 00000C70 9F7FA080A181A282A3-
   368 00000C79 83A484A585A686     
   369 00000C80 5737583859395A3A5B-     		db 87,55,88,56,89,57,90,58,91,59,92,60,93,61,94,62,95,63,96,64,97,65,98,66,90,61,88,62,134,63,123,64,75,65,56,66,57,67,63,68,64,69,65,70,81,71,82,72,82,73,124,74,125,75,126,76,127,77,128,78,88,79,89,80,91,81,92,82
   370 00000C89 3B5C3C5D3D5E3E5F3F-
   371 00000C92 6040614162425A3D58-
   372 00000C9B 3E863F7B404B413842-
   373 00000CA4 39433F444045414651-
   374 00000CAD 47524852497C4A7D4B-
   375 00000CB6 7E4C7F4D804E584F59-
   376 00000CBF 505B515C525D535E54-
   377 00000CC8 505551564D574E584F-
   378 00000CD1 59505A515B525C535D-
   379 00000CDA 545E555F6A60936195-
   380 00000CE3 6281638B648B6B8C6C-
   381 00000CEC 8D6D8E6E8F6F907091-
   382 00000CF5 719272937394749575-
   383 00000CFE 96769777987899799A-
   384 00000D07 7A9B7B9C7C9D7D9E7E-
   385 00000D10 9F7FA080A181A282A3-
   386 00000D19 83A484A585A686     
   387 00000D20 5737583859395A3A5B-     		db 87,55,88,56,89,57,90,58,91,59,92,60,93,61,94,62,95,63,96,64,97,65,98,66,99,67,100,68,101,69,102,70,104,65,96,66,118,67,127,68,78,69,65,70,61,71,62,72,63,73,64,74,65,75,66,76,67,77,73,78,69,79,70,80,71,81,72,82,
   388 00000D29 3B5C3C5D3D5E3E5F3F-
   389 00000D32 604061416242634364-
   390 00000D3B 446545664668416042-
   391 00000D44 76437F444E4541463D-
   392 00000D4D 473E483F49404A414B-
   393 00000D56 424C434D494E454F46-
   394 00000D5F 504751485249534A54-
   395 00000D68 4B554C564D574E584F-
   396 00000D71 59505A655B655C985D-
   397 00000D7A 915E7D5F7A607E6188-
   398 00000D83 6889698A6A8B6B8C6C-
   399 00000D8C 8D6D8E6E8F6F907091-
   400 00000D95 719272937394749575-
   401 00000D9E 96769777987899799A-
   402 00000DA7 7A9B7B9C7C9D7D9E7E-
   403 00000DB0 9F7FA080A181A282A3-
   404 00000DB9 83A484A585A686     
   405 00000DC0 5737583859395A3A5B-     		db 87,55,88,56,89,57,90,58,91,59,92,60,93,61,94,62,95,63,96,64,97,65,98,66,99,67,100,68,101,69,102,70,103,71,104,72,105,73,106,74,108,69,96,70,101,71,143,72,124,73,136,74,134,75,135,76,127,77,128,78,88,79,89,80,90
   406 00000DC9 3B5C3C5D3D5E3E5F3F-
   407 00000DD2 604061416242634364-
   408 00000DDB 446545664667476848-
   409 00000DE4 69496A4A6C45604665-
   410 00000DED 478F487C49884A864B-
   411 00000DF6 874C7F4D804E584F59-
   412 00000DFF 505A51845285538F54-
   413 00000E08 905594568A57925877-
   414 00000E11 59785A755B795C8363-
   415 00000E1A 846485658666876788-
   416 00000E23 6889698A6A8B6B8C6C-
   417 00000E2C 8D6D8E6E8F6F907091-
   418 00000E35 719272937394749575-
   419 00000E3E 96769777987899799A-
   420 00000E47 7A9B7B9C7C9D7D9E7E-
   421 00000E50 9F7FA080A181A282A3-
   422 00000E59 83A484A585A686     
   423 00000E60 5737583859395A3A5B-     		db 87,55,88,56,89,57,90,58,91,59,92,60,93,61,94,62,95,63,96,64,97,65,98,66,99,67,100,68,101,69,102,70,103,71,104,72,105,73,106,74,107,75,108,76,109,77,110,78,111,79,112,80,113,81,105,76,106,77,117,78,118,79,119,80
   424 00000E69 3B5C3C5D3D5E3E5F3F-
   425 00000E72 604061416242634364-
   426 00000E7B 446545664667476848-
   427 00000E84 69496A4A6B4B6C4C6D-
   428 00000E8D 4D6E4E6F4F70507151-
   429 00000E96 694C6A4D754E764F77-
   430 00000E9F 507851795270537154-
   431 00000EA8 7B5B7C5C7D5D7E5E7F-
   432 00000EB1 5F8060816182628363-
   433 00000EBA 846485658666876788-
   434 00000EC3 6889698A6A8B6B8C6C-
   435 00000ECC 8D6D8E6E8F6F907091-
   436 00000ED5 719272937394749575-
   437 00000EDE 96769777987899799A-
   438 00000EE7 7A9B7B9C7C9D7D9E7E-
   439 00000EF0 9F7FA080A181A282A3-
   440 00000EF9 83A484A585A686     
   441                                  
   442 00000F00 1B                      attrib: 	db 1bh
   443 00000F01 5B                      		db "["
   444 00000F02 33                      		db "3"
   445 00000F03 30                      myAttrib:	db "0"
   446 00000F04 6D                      		db "m"
   447 00000F05 0A                      newline:	db 10
   448 00000F06 00                      count:		db 0
   449                                  SECTION .bss
   450 00000000 <res 00000001>          letter:		RESB 1
   451 00000001 <res 00000001>          color:		RESB 1
   452                                  
   453                                  SECTION .text
   454                                  global _main
   455                                  _main:
   456                                  
   457                                  ; put your code here.
   458                                  
   459                                  ; run 24 times
   460 00000000 B918000000              mov ecx, 24
   461                                  rowLoop:
   462 00000005 51                      	push ecx
   463 00000006 B950000000              	mov ecx, 80
   464 0000000B C605[060F0000]00        	mov byte[count], 0
   465                                  	; run 80 times
   466                                  	;get attribute and number
   467                                  	colLoop:
   468 00000012 8AA3[00000000]          		mov ah, [season+ebx]
   469 00000018 8A83[01000000]          		mov al, [season+ebx+1]
   470 0000001E 2A05[060F0000]          		sub al, [count]
   471 00000024 2A25[060F0000]          		sub ah, [count]
   472 0000002A 8825[00000000]          		mov byte[letter], ah
   473 00000030 A2[030F0000]            		mov byte[myAttrib], al
   474                                  		;change color before printing 
   475 00000035 60                      		pusha
   476 00000036 B804000000              		mov     eax,4
   477 0000003B BB01000000                      	mov     ebx,1
   478 00000040 B9[000F0000]                    	mov     ecx, attrib
   479 00000045 BA05000000                      	mov     edx,5
   480 0000004A CD80                            	int     80h
   481 0000004C 61                      		popa
   482                                  		;print the letter in the attribute
   483 0000004D 60                      		pusha
   484 0000004E B804000000              		mov eax, 4
   485 00000053 BB01000000              		mov ebx, 1
   486 00000058 B9[00000000]            		mov ecx, letter
   487 0000005D BA01000000              		mov edx, 1
   488 00000062 CD80                    		int 80h
   489 00000064 61                      		popa
   490 00000065 83C302                  		add ebx, 2
   491 00000068 FE05[060F0000]          		inc byte[count]
   492                                  		colBreak:
   493 0000006E E2A2                    		loop colLoop
   494 00000070 E80F000000              	call printNew
   495                                  	;print new line
   496 00000075 59                      	pop ecx
   497 00000076 E28D                    	loop rowLoop
   498                                  lastBreak:
   499                                  
   500                                  ; Normal termination code
   501 00000078 B801000000              mov eax, 1
   502 0000007D BB00000000              mov ebx, 0
   503 00000082 CD80                    int 80h
   504                                  
   505                                  printNew:
   506 00000084 60                      	pusha
   507 00000085 B804000000              	mov eax,4
   508 0000008A BB01000000                      mov ebx,1
   509 0000008F B9[050F0000]                    mov ecx,newline
   510 00000094 BA01000000                      mov edx,1
   511 00000099 CD80                            int 80h
   512 0000009B 61                      	popa
   513 0000009C C3                      	ret
