     1                                  ; Bob Allen
     2                                  ; Printing colors
     3                                  ; Fall 2022
     4                                  
     5                                  SECTION .data
     6                                  
     7                                  ; Some messages with 2 'new line' chars
     8 00000000 4E6F20536861766520-     msg1    db "No Shave November.", 10, 10
     9 00000009 4E6F76656D6265722E-
    10 00000012 0A0A               
    11 00000014 4C6F76652043534320-     msg2    db "Love CSC 322!", 10, 10
    12 0000001D 333232210A0A       
    13 00000023 476F204D6572636572-     msg3    db "Go Mercer Bears!!!!!!!", 10, 10
    14 0000002C 204265617273212121-
    15 00000035 212121210A0A       
    16 0000003B 456174204368696C69-     msg4    db "Eat Chili!", 10, 10
    17 00000044 210A0A             
    18                                  
    19                                  ; Color sequences ** NOTE:  all color sequences have a length of 5
    20                                  ;        note2:  1bh is the ASCII code for the <esc> key
    21                                  
    22 00000047 1B5B33306D              black:	db 1bh, "[30m"  ;;; black foreground
    23 0000004C 1B5B33316D              red:	db 1bh, "[31m"  ;;; red foreground
    24 00000051 1B5B33326D              green:	db 1bh, "[32m" 	;;; green foreground
    25 00000056 1B5B33336D              yellow:	db 1bh, "[33m" 	;;; yellow foreground
    26 0000005B 1B5B33346D              blue:	db 1bh, "[34m" 	;;; blue foreground
    27 00000060 1B5B33356D              magenta:db 1bh, "[35m" 	;;; magenta foreground
    28 00000065 1B5B33366D              cyan:	db 1bh, "[36m" 	;;; cyan foreground
    29 0000006A 1B5B33376D              white:	db 1bh, "[37m" 	;;; white foreground
    30                                  
    31                                  ; Way to clear the screen
    32 0000006F 1B5B324A                cls:	db 1bh, "[2J"
    33                                  
    34                                  SECTION .text
    35                                  global _main
    36                                  _main:
    37                                  
    38                                  ;;;;;  Print Clear the screen
    39 00000000 B804000000              	mov	eax,4
    40 00000005 BB01000000              	mov	ebx,1
    41 0000000A B9[6F000000]            	mov 	ecx,cls
    42 0000000F BA04000000              	mov	edx,4
    43 00000014 CD80                    	int 	80h
    44                                  
    45                                  ;;;   set color to red
    46 00000016 B804000000              	mov	eax,4
    47 0000001B BB01000000              	mov	ebx,1
    48 00000020 B9[4C000000]            	mov 	ecx,red
    49 00000025 BA05000000              	mov	edx,5
    50 0000002A CD80                    	int	80h
    51                                  
    52                                  ;;;; 	print first message
    53 0000002C B804000000              	mov	eax,4
    54 00000031 BB01000000              	mov	ebx,1
    55 00000036 B9[00000000]            	mov 	ecx,msg1
    56 0000003B BA14000000              	mov	edx,20
    57 00000040 CD80                    	int 	80h
    58                                  
    59                                  ;;;   set color to blue
    60 00000042 B804000000              	mov	eax,4
    61 00000047 BB01000000              	mov	ebx,1
    62 0000004C B9[5B000000]            	mov 	ecx,blue
    63 00000051 BA05000000              	mov	edx,5
    64 00000056 CD80                    	int	80h
    65                                  
    66                                  ;;;; 	print second message
    67 00000058 B804000000              	mov	eax,4
    68 0000005D BB01000000              	mov	ebx,1
    69 00000062 B9[14000000]            	mov 	ecx,msg2
    70 00000067 BA0F000000              	mov	edx,15
    71 0000006C CD80                    	int 	80h
    72                                  
    73                                  ;;;   set color to green
    74 0000006E B804000000              	mov	eax,4
    75 00000073 BB01000000              	mov	ebx,1
    76 00000078 B9[51000000]            	mov 	ecx,green
    77 0000007D BA05000000              	mov	edx,5
    78 00000082 CD80                    	int	80h
    79                                  
    80                                  ;;;; 	print third  message
    81 00000084 B804000000              	mov	eax,4
    82 00000089 BB01000000              	mov	ebx,1
    83 0000008E B9[23000000]            	mov 	ecx,msg3
    84 00000093 BA18000000              	mov	edx,24
    85 00000098 CD80                    	int 	80h
    86                                  
    87                                  ;;;   set color to magenta
    88 0000009A B804000000              	mov	eax,4
    89 0000009F BB01000000              	mov	ebx,1
    90 000000A4 B9[60000000]            	mov 	ecx,magenta
    91 000000A9 BA05000000              	mov	edx,5
    92 000000AE CD80                    	int	80h
    93                                  
    94                                  ;;;; 	print fourth  message
    95 000000B0 B804000000              	mov	eax,4
    96 000000B5 BB01000000              	mov	ebx,1
    97 000000BA B9[3B000000]            	mov 	ecx,msg4
    98 000000BF BA0C000000              	mov	edx,12
    99 000000C4 CD80                    	int 	80h
   100                                  
   101                                  ;;;   set color to white
   102 000000C6 B804000000              	mov	eax,4
   103 000000CB BB01000000              	mov	ebx,1
   104 000000D0 B9[56000000]            	mov 	ecx,yellow
   105 000000D5 BA05000000              	mov	edx,5
   106 000000DA CD80                    	int	80h
   107                                  
   108                                  
   109                                  ; Normal termination code
   110 000000DC B801000000              	mov eax, 1
   111 000000E1 BB00000000              	mov ebx, 0
   112 000000E6 CD80                    	int 80h
